<?xml version="1.0" encoding="UTF-8"?>
<!-- Generated by org.testng.reporters.JUnitReportReporter -->
<testsuite hostname="EPINHYDW1275" name="CucumberMaven.CM.AppTest" tests="1" failures="0" timestamp="5 Apr 2017 11:11:17 GMT" time="0.010" errors="0">
  <testcase name="testApp" time="0.010" classname="CucumberMaven.CM.AppTest"/>
</testsuite> <!-- CucumberMaven.CM.AppTest -->
